<!DOCTYPE html>

<html>
  <head>
  <title>TestNG reports</title>

    <link type="text/css" href="testng-reports.css" rel="stylesheet" />  
    <script type="text/javascript" src="jquery-1.7.1.min.js"></script>
    <script type="text/javascript" src="testng-reports.js"></script>
    <script type="text/javascript" src="https://www.google.com/jsapi"></script>
    <script type='text/javascript'>
      google.load('visualization', '1', {packages:['table']});
      google.setOnLoadCallback(drawTable);
      var suiteTableInitFunctions = new Array();
      var suiteTableData = new Array();
    </script>
    <!--
      <script type="text/javascript" src="jquery-ui/js/jquery-ui-1.8.16.custom.min.js"></script>
     -->
  </head>

  <body>
    <div class="top-banner-root">
      <span class="top-banner-title-font">Test results</span>
      <br/>
      <span class="top-banner-font-1">1 suite, 6 failed tests</span>
    </div> <!-- top-banner-root -->
    <div class="navigator-root">
      <div class="navigator-suite-header">
        <span>All suites</span>
        <a href="#" class="collapse-all-link" title="Collapse/expand all the suites">
          <img class="collapse-all-icon" src="collapseall.gif">
          </img> <!-- collapse-all-icon -->
        </a> <!-- collapse-all-link -->
      </div> <!-- navigator-suite-header -->
      <div class="suite">
        <div class="rounded-window">
          <div class="suite-header light-rounded-window-top">
            <a href="#" class="navigator-link" panel-name="suite-TestSuite">
              <span class="suite-name border-failed">TestSuite</span>
            </a> <!-- navigator-link -->
          </div> <!-- suite-header light-rounded-window-top -->
          <div class="navigator-suite-content">
            <div class="suite-section-title">
              <span>Info</span>
            </div> <!-- suite-section-title -->
            <div class="suite-section-content">
              <ul>
                <li>
                  <a href="#" class="navigator-link " panel-name="test-xml-TestSuite">
                    <span>C:\Users\Admin\eclipse-workspace\SeleniumApidemo\src\test\resources\testng\testng.xml</span>
                  </a> <!-- navigator-link  -->
                </li>
                <li>
                  <a href="#" class="navigator-link " panel-name="testlist-TestSuite">
                    <span class="test-stats">2 tests</span>
                  </a> <!-- navigator-link  -->
                </li>
                <li>
                  <a href="#" class="navigator-link " panel-name="group-TestSuite">
                    <span>0 groups</span>
                  </a> <!-- navigator-link  -->
                </li>
                <li>
                  <a href="#" class="navigator-link " panel-name="times-TestSuite">
                    <span>Times</span>
                  </a> <!-- navigator-link  -->
                </li>
                <li>
                  <a href="#" class="navigator-link " panel-name="reporter-TestSuite">
                    <span>Reporter output</span>
                  </a> <!-- navigator-link  -->
                </li>
                <li>
                  <a href="#" class="navigator-link " panel-name="ignored-methods-TestSuite">
                    <span>Ignored methods</span>
                  </a> <!-- navigator-link  -->
                </li>
                <li>
                  <a href="#" class="navigator-link " panel-name="chronological-TestSuite">
                    <span>Chronological view</span>
                  </a> <!-- navigator-link  -->
                </li>
              </ul>
            </div> <!-- suite-section-content -->
            <div class="result-section">
              <div class="suite-section-title">
                <span>Results</span>
              </div> <!-- suite-section-title -->
              <div class="suite-section-content">
                <ul>
                  <li>
                    <span class="method-stats">11 methods, 6 failed,   5 passed</span>
                  </li>
                  <li>
                    <span class="method-list-title failed">Failed methods</span>
                    <span class="show-or-hide-methods failed">
                      <a href="#" panel-name="suite-TestSuite" class="hide-methods failed suite-TestSuite"> (hide)</a> <!-- hide-methods failed suite-TestSuite -->
                      <a href="#" panel-name="suite-TestSuite" class="show-methods failed suite-TestSuite"> (show)</a> <!-- show-methods failed suite-TestSuite -->
                    </span>
                    <div class="method-list-content failed suite-TestSuite">
                      <span>
                        <img width="3%" src="failed.png"/>
                        <a href="#" class="method navigator-link" panel-name="suite-TestSuite" title="com.test.api.DataDrivenAPI" hash-for-method="createUser(User1111, P@ssw0rd)">createUser(User1111, P@ssw0rd)</a> <!-- method navigator-link -->
                      </span>
                      <br/>
                      <span>
                        <img width="3%" src="failed.png"/>
                        <a href="#" class="method navigator-link" panel-name="suite-TestSuite" title="com.test.api.DataDrivenAPI" hash-for-method="createUser(User2222, P@ssw0rd)">createUser(User2222, P@ssw0rd)</a> <!-- method navigator-link -->
                      </span>
                      <br/>
                      <span>
                        <img width="3%" src="failed.png"/>
                        <a href="#" class="method navigator-link" panel-name="suite-TestSuite" title="com.test.api.DataDrivenAPI" hash-for-method="createUser(User4444, P@ssw0rd)">createUser(User4444, P@ssw0rd)</a> <!-- method navigator-link -->
                      </span>
                      <br/>
                      <span>
                        <img width="3%" src="failed.png"/>
                        <a href="#" class="method navigator-link" panel-name="suite-TestSuite" title="com.test.api.DataDrivenAPI" hash-for-method="createUser(User3333, P@ssw0rd)">createUser(User3333, P@ssw0rd)</a> <!-- method navigator-link -->
                      </span>
                      <br/>
                      <span>
                        <img width="3%" src="failed.png"/>
                        <a href="#" class="method navigator-link" panel-name="suite-TestSuite" title="com.test.api.Account" hash-for-method="deletetUser">deletetUser</a> <!-- method navigator-link -->
                      </span>
                      <br/>
                      <span>
                        <img width="3%" src="failed.png"/>
                        <a href="#" class="method navigator-link" panel-name="suite-TestSuite" title="com.test.api.Account" hash-for-method="getUserById">getUserById</a> <!-- method navigator-link -->
                      </span>
                      <br/>
                    </div> <!-- method-list-content failed suite-TestSuite -->
                  </li>
                  <li>
                    <span class="method-list-title passed">Passed methods</span>
                    <span class="show-or-hide-methods passed">
                      <a href="#" panel-name="suite-TestSuite" class="hide-methods passed suite-TestSuite"> (hide)</a> <!-- hide-methods passed suite-TestSuite -->
                      <a href="#" panel-name="suite-TestSuite" class="show-methods passed suite-TestSuite"> (show)</a> <!-- show-methods passed suite-TestSuite -->
                    </span>
                    <div class="method-list-content passed suite-TestSuite">
                      <span>
                        <img width="3%" src="passed.png"/>
                        <a href="#" class="method navigator-link" panel-name="suite-TestSuite" title="com.test.selenium.AddVerifyBook" hash-for-method="TestAddAndRemoveBookInCollection">TestAddAndRemoveBookInCollection</a> <!-- method navigator-link -->
                      </span>
                      <br/>
                      <span>
                        <img width="3%" src="passed.png"/>
                        <a href="#" class="method navigator-link" panel-name="suite-TestSuite" title="com.test.api.Account" hash-for-method="createUser">createUser</a> <!-- method navigator-link -->
                      </span>
                      <br/>
                      <span>
                        <img width="3%" src="passed.png"/>
                        <a href="#" class="method navigator-link" panel-name="suite-TestSuite" title="com.test.api.Account" hash-for-method="getAth">getAth</a> <!-- method navigator-link -->
                      </span>
                      <br/>
                      <span>
                        <img width="3%" src="passed.png"/>
                        <a href="#" class="method navigator-link" panel-name="suite-TestSuite" title="com.test.selenium.Login" hash-for-method="testVerifyFailed">testVerifyFailed</a> <!-- method navigator-link -->
                      </span>
                      <br/>
                      <span>
                        <img width="3%" src="passed.png"/>
                        <a href="#" class="method navigator-link" panel-name="suite-TestSuite" title="com.test.api.Account" hash-for-method="verifyUnAuthUser">verifyUnAuthUser</a> <!-- method navigator-link -->
                      </span>
                      <br/>
                    </div> <!-- method-list-content passed suite-TestSuite -->
                  </li>
                </ul>
              </div> <!-- suite-section-content -->
            </div> <!-- result-section -->
          </div> <!-- navigator-suite-content -->
        </div> <!-- rounded-window -->
      </div> <!-- suite -->
    </div> <!-- navigator-root -->
    <div class="wrapper">
      <div class="main-panel-root">
        <div panel-name="suite-TestSuite" class="panel TestSuite">
          <div class="suite-TestSuite-class-failed">
            <div class="main-panel-header rounded-window-top">
              <img src="failed.png"/>
              <span class="class-name">com.test.api.DataDrivenAPI</span>
            </div> <!-- main-panel-header rounded-window-top -->
            <div class="main-panel-content rounded-window-bottom">
              <div class="method">
                <div class="method-content">
                  <a name="createUser(User1111, P@ssw0rd)">
                  </a> <!-- createUser(User1111, P@ssw0rd) -->
                  <span class="method-name">createUser</span>
                  <span class="parameters">(User1111, P@ssw0rd)</span>
                  <div class="stack-trace">junit.framework.AssertionFailedError: expected:&lt;201&gt; but was:&lt;406&gt;
	at junit.framework.Assert.fail(Assert.java:50)
	at junit.framework.Assert.failNotEquals(Assert.java:287)
	at junit.framework.Assert.assertEquals(Assert.java:67)
	at junit.framework.Assert.assertEquals(Assert.java:199)
	at junit.framework.Assert.assertEquals(Assert.java:205)
	at com.framework.util.BaseAPITest.verifyResponseCodeAndContentType(BaseAPITest.java:148)
	at com.test.api.DataDrivenAPI.createUser(DataDrivenAPI.java:35)
	at sun.reflect.NativeMethodAccessorImpl.invoke0(Native Method)
	at sun.reflect.NativeMethodAccessorImpl.invoke(NativeMethodAccessorImpl.java:62)
	at sun.reflect.DelegatingMethodAccessorImpl.invoke(DelegatingMethodAccessorImpl.java:43)
	at java.lang.reflect.Method.invoke(Method.java:498)
	at org.testng.internal.MethodInvocationHelper.invokeMethod(MethodInvocationHelper.java:85)
	at org.testng.internal.Invoker.invokeMethod(Invoker.java:639)
	at org.testng.internal.Invoker.invokeTestMethod(Invoker.java:816)
	at org.testng.internal.Invoker.invokeTestMethods(Invoker.java:1124)
	at org.testng.internal.TestMethodWorker.invokeTestMethods(TestMethodWorker.java:125)
	at org.testng.internal.TestMethodWorker.run(TestMethodWorker.java:108)
	at org.testng.TestRunner.privateRun(TestRunner.java:774)
	at org.testng.TestRunner.run(TestRunner.java:624)
	at org.testng.SuiteRunner.runTest(SuiteRunner.java:359)
	at org.testng.SuiteRunner.runSequentially(SuiteRunner.java:354)
	at org.testng.SuiteRunner.privateRun(SuiteRunner.java:312)
	at org.testng.SuiteRunner.run(SuiteRunner.java:261)
	at org.testng.SuiteRunnerWorker.runSuite(SuiteRunnerWorker.java:52)
	at org.testng.SuiteRunnerWorker.run(SuiteRunnerWorker.java:86)
	at org.testng.TestNG.runSuitesSequentially(TestNG.java:1215)
	at org.testng.TestNG.runSuitesLocally(TestNG.java:1140)
	at org.testng.TestNG.run(TestNG.java:1048)
	at org.testng.remote.AbstractRemoteTestNG.run(AbstractRemoteTestNG.java:115)
	at org.testng.remote.RemoteTestNG.initAndRun(RemoteTestNG.java:251)
	at org.testng.remote.RemoteTestNG.main(RemoteTestNG.java:77)

</div> <!-- stack-trace -->
                </div> <!-- method-content -->
              </div> <!-- method -->
              <div class="method">
                <div class="method-content">
                  <a name="createUser(User2222, P@ssw0rd)">
                  </a> <!-- createUser(User2222, P@ssw0rd) -->
                  <span class="method-name">createUser</span>
                  <span class="parameters">(User2222, P@ssw0rd)</span>
                  <div class="stack-trace">junit.framework.AssertionFailedError: expected:&lt;201&gt; but was:&lt;406&gt;
	at junit.framework.Assert.fail(Assert.java:50)
	at junit.framework.Assert.failNotEquals(Assert.java:287)
	at junit.framework.Assert.assertEquals(Assert.java:67)
	at junit.framework.Assert.assertEquals(Assert.java:199)
	at junit.framework.Assert.assertEquals(Assert.java:205)
	at com.framework.util.BaseAPITest.verifyResponseCodeAndContentType(BaseAPITest.java:148)
	at com.test.api.DataDrivenAPI.createUser(DataDrivenAPI.java:35)
	at sun.reflect.NativeMethodAccessorImpl.invoke0(Native Method)
	at sun.reflect.NativeMethodAccessorImpl.invoke(NativeMethodAccessorImpl.java:62)
	at sun.reflect.DelegatingMethodAccessorImpl.invoke(DelegatingMethodAccessorImpl.java:43)
	at java.lang.reflect.Method.invoke(Method.java:498)
	at org.testng.internal.MethodInvocationHelper.invokeMethod(MethodInvocationHelper.java:85)
	at org.testng.internal.Invoker.invokeMethod(Invoker.java:639)
	at org.testng.internal.Invoker.invokeTestMethod(Invoker.java:816)
	at org.testng.internal.Invoker.invokeTestMethods(Invoker.java:1124)
	at org.testng.internal.TestMethodWorker.invokeTestMethods(TestMethodWorker.java:125)
	at org.testng.internal.TestMethodWorker.run(TestMethodWorker.java:108)
	at org.testng.TestRunner.privateRun(TestRunner.java:774)
	at org.testng.TestRunner.run(TestRunner.java:624)
	at org.testng.SuiteRunner.runTest(SuiteRunner.java:359)
	at org.testng.SuiteRunner.runSequentially(SuiteRunner.java:354)
	at org.testng.SuiteRunner.privateRun(SuiteRunner.java:312)
	at org.testng.SuiteRunner.run(SuiteRunner.java:261)
	at org.testng.SuiteRunnerWorker.runSuite(SuiteRunnerWorker.java:52)
	at org.testng.SuiteRunnerWorker.run(SuiteRunnerWorker.java:86)
	at org.testng.TestNG.runSuitesSequentially(TestNG.java:1215)
	at org.testng.TestNG.runSuitesLocally(TestNG.java:1140)
	at org.testng.TestNG.run(TestNG.java:1048)
	at org.testng.remote.AbstractRemoteTestNG.run(AbstractRemoteTestNG.java:115)
	at org.testng.remote.RemoteTestNG.initAndRun(RemoteTestNG.java:251)
	at org.testng.remote.RemoteTestNG.main(RemoteTestNG.java:77)

</div> <!-- stack-trace -->
                </div> <!-- method-content -->
              </div> <!-- method -->
              <div class="method">
                <div class="method-content">
                  <a name="createUser(User4444, P@ssw0rd)">
                  </a> <!-- createUser(User4444, P@ssw0rd) -->
                  <span class="method-name">createUser</span>
                  <span class="parameters">(User4444, P@ssw0rd)</span>
                  <div class="stack-trace">junit.framework.AssertionFailedError: expected:&lt;201&gt; but was:&lt;406&gt;
	at junit.framework.Assert.fail(Assert.java:50)
	at junit.framework.Assert.failNotEquals(Assert.java:287)
	at junit.framework.Assert.assertEquals(Assert.java:67)
	at junit.framework.Assert.assertEquals(Assert.java:199)
	at junit.framework.Assert.assertEquals(Assert.java:205)
	at com.framework.util.BaseAPITest.verifyResponseCodeAndContentType(BaseAPITest.java:148)
	at com.test.api.DataDrivenAPI.createUser(DataDrivenAPI.java:35)
	at sun.reflect.NativeMethodAccessorImpl.invoke0(Native Method)
	at sun.reflect.NativeMethodAccessorImpl.invoke(NativeMethodAccessorImpl.java:62)
	at sun.reflect.DelegatingMethodAccessorImpl.invoke(DelegatingMethodAccessorImpl.java:43)
	at java.lang.reflect.Method.invoke(Method.java:498)
	at org.testng.internal.MethodInvocationHelper.invokeMethod(MethodInvocationHelper.java:85)
	at org.testng.internal.Invoker.invokeMethod(Invoker.java:639)
	at org.testng.internal.Invoker.invokeTestMethod(Invoker.java:816)
	at org.testng.internal.Invoker.invokeTestMethods(Invoker.java:1124)
	at org.testng.internal.TestMethodWorker.invokeTestMethods(TestMethodWorker.java:125)
	at org.testng.internal.TestMethodWorker.run(TestMethodWorker.java:108)
	at org.testng.TestRunner.privateRun(TestRunner.java:774)
	at org.testng.TestRunner.run(TestRunner.java:624)
	at org.testng.SuiteRunner.runTest(SuiteRunner.java:359)
	at org.testng.SuiteRunner.runSequentially(SuiteRunner.java:354)
	at org.testng.SuiteRunner.privateRun(SuiteRunner.java:312)
	at org.testng.SuiteRunner.run(SuiteRunner.java:261)
	at org.testng.SuiteRunnerWorker.runSuite(SuiteRunnerWorker.java:52)
	at org.testng.SuiteRunnerWorker.run(SuiteRunnerWorker.java:86)
	at org.testng.TestNG.runSuitesSequentially(TestNG.java:1215)
	at org.testng.TestNG.runSuitesLocally(TestNG.java:1140)
	at org.testng.TestNG.run(TestNG.java:1048)
	at org.testng.remote.AbstractRemoteTestNG.run(AbstractRemoteTestNG.java:115)
	at org.testng.remote.RemoteTestNG.initAndRun(RemoteTestNG.java:251)
	at org.testng.remote.RemoteTestNG.main(RemoteTestNG.java:77)

</div> <!-- stack-trace -->
                </div> <!-- method-content -->
              </div> <!-- method -->
              <div class="method">
                <div class="method-content">
                  <a name="createUser(User3333, P@ssw0rd)">
                  </a> <!-- createUser(User3333, P@ssw0rd) -->
                  <span class="method-name">createUser</span>
                  <span class="parameters">(User3333, P@ssw0rd)</span>
                  <div class="stack-trace">junit.framework.AssertionFailedError: expected:&lt;201&gt; but was:&lt;406&gt;
	at junit.framework.Assert.fail(Assert.java:50)
	at junit.framework.Assert.failNotEquals(Assert.java:287)
	at junit.framework.Assert.assertEquals(Assert.java:67)
	at junit.framework.Assert.assertEquals(Assert.java:199)
	at junit.framework.Assert.assertEquals(Assert.java:205)
	at com.framework.util.BaseAPITest.verifyResponseCodeAndContentType(BaseAPITest.java:148)
	at com.test.api.DataDrivenAPI.createUser(DataDrivenAPI.java:35)
	at sun.reflect.NativeMethodAccessorImpl.invoke0(Native Method)
	at sun.reflect.NativeMethodAccessorImpl.invoke(NativeMethodAccessorImpl.java:62)
	at sun.reflect.DelegatingMethodAccessorImpl.invoke(DelegatingMethodAccessorImpl.java:43)
	at java.lang.reflect.Method.invoke(Method.java:498)
	at org.testng.internal.MethodInvocationHelper.invokeMethod(MethodInvocationHelper.java:85)
	at org.testng.internal.Invoker.invokeMethod(Invoker.java:639)
	at org.testng.internal.Invoker.invokeTestMethod(Invoker.java:816)
	at org.testng.internal.Invoker.invokeTestMethods(Invoker.java:1124)
	at org.testng.internal.TestMethodWorker.invokeTestMethods(TestMethodWorker.java:125)
	at org.testng.internal.TestMethodWorker.run(TestMethodWorker.java:108)
	at org.testng.TestRunner.privateRun(TestRunner.java:774)
	at org.testng.TestRunner.run(TestRunner.java:624)
	at org.testng.SuiteRunner.runTest(SuiteRunner.java:359)
	at org.testng.SuiteRunner.runSequentially(SuiteRunner.java:354)
	at org.testng.SuiteRunner.privateRun(SuiteRunner.java:312)
	at org.testng.SuiteRunner.run(SuiteRunner.java:261)
	at org.testng.SuiteRunnerWorker.runSuite(SuiteRunnerWorker.java:52)
	at org.testng.SuiteRunnerWorker.run(SuiteRunnerWorker.java:86)
	at org.testng.TestNG.runSuitesSequentially(TestNG.java:1215)
	at org.testng.TestNG.runSuitesLocally(TestNG.java:1140)
	at org.testng.TestNG.run(TestNG.java:1048)
	at org.testng.remote.AbstractRemoteTestNG.run(AbstractRemoteTestNG.java:115)
	at org.testng.remote.RemoteTestNG.initAndRun(RemoteTestNG.java:251)
	at org.testng.remote.RemoteTestNG.main(RemoteTestNG.java:77)

</div> <!-- stack-trace -->
                </div> <!-- method-content -->
              </div> <!-- method -->
            </div> <!-- main-panel-content rounded-window-bottom -->
          </div> <!-- suite-TestSuite-class-failed -->
          <div class="suite-TestSuite-class-failed">
            <div class="main-panel-header rounded-window-top">
              <img src="failed.png"/>
              <span class="class-name">com.test.api.Account</span>
            </div> <!-- main-panel-header rounded-window-top -->
            <div class="main-panel-content rounded-window-bottom">
              <div class="method">
                <div class="method-content">
                  <a name="deletetUser">
                  </a> <!-- deletetUser -->
                  <span class="method-name">deletetUser</span>
                  <div class="stack-trace">junit.framework.AssertionFailedError: expected:&lt;200&gt; but was:&lt;401&gt;
	at junit.framework.Assert.fail(Assert.java:50)
	at junit.framework.Assert.failNotEquals(Assert.java:287)
	at junit.framework.Assert.assertEquals(Assert.java:67)
	at junit.framework.Assert.assertEquals(Assert.java:199)
	at junit.framework.Assert.assertEquals(Assert.java:205)
	at com.framework.util.BaseAPITest.verifyResponseCodeAndContentType(BaseAPITest.java:148)
	at com.test.api.Account.deletetUser(Account.java:99)
	at sun.reflect.NativeMethodAccessorImpl.invoke0(Native Method)
	at sun.reflect.NativeMethodAccessorImpl.invoke(NativeMethodAccessorImpl.java:62)
	at sun.reflect.DelegatingMethodAccessorImpl.invoke(DelegatingMethodAccessorImpl.java:43)
	at java.lang.reflect.Method.invoke(Method.java:498)
	at org.testng.internal.MethodInvocationHelper.invokeMethod(MethodInvocationHelper.java:85)
	at org.testng.internal.Invoker.invokeMethod(Invoker.java:639)
	at org.testng.internal.Invoker.invokeTestMethod(Invoker.java:816)
	at org.testng.internal.Invoker.invokeTestMethods(Invoker.java:1124)
	at org.testng.internal.TestMethodWorker.invokeTestMethods(TestMethodWorker.java:125)
	at org.testng.internal.TestMethodWorker.run(TestMethodWorker.java:108)
	at org.testng.TestRunner.privateRun(TestRunner.java:774)
	at org.testng.TestRunner.run(TestRunner.java:624)
	at org.testng.SuiteRunner.runTest(SuiteRunner.java:359)
	at org.testng.SuiteRunner.runSequentially(SuiteRunner.java:354)
	at org.testng.SuiteRunner.privateRun(SuiteRunner.java:312)
	at org.testng.SuiteRunner.run(SuiteRunner.java:261)
	at org.testng.SuiteRunnerWorker.runSuite(SuiteRunnerWorker.java:52)
	at org.testng.SuiteRunnerWorker.run(SuiteRunnerWorker.java:86)
	at org.testng.TestNG.runSuitesSequentially(TestNG.java:1215)
	at org.testng.TestNG.runSuitesLocally(TestNG.java:1140)
	at org.testng.TestNG.run(TestNG.java:1048)
	at org.testng.remote.AbstractRemoteTestNG.run(AbstractRemoteTestNG.java:115)
	at org.testng.remote.RemoteTestNG.initAndRun(RemoteTestNG.java:251)
	at org.testng.remote.RemoteTestNG.main(RemoteTestNG.java:77)

</div> <!-- stack-trace -->
                </div> <!-- method-content -->
              </div> <!-- method -->
              <div class="method">
                <div class="method-content">
                  <a name="getUserById">
                  </a> <!-- getUserById -->
                  <span class="method-name">getUserById</span>
                  <div class="stack-trace">junit.framework.AssertionFailedError: expected:&lt;200&gt; but was:&lt;401&gt;
	at junit.framework.Assert.fail(Assert.java:50)
	at junit.framework.Assert.failNotEquals(Assert.java:287)
	at junit.framework.Assert.assertEquals(Assert.java:67)
	at junit.framework.Assert.assertEquals(Assert.java:199)
	at junit.framework.Assert.assertEquals(Assert.java:205)
	at com.framework.util.BaseAPITest.verifyResponseCodeAndContentType(BaseAPITest.java:148)
	at com.test.api.Account.getUserById(Account.java:86)
	at sun.reflect.NativeMethodAccessorImpl.invoke0(Native Method)
	at sun.reflect.NativeMethodAccessorImpl.invoke(NativeMethodAccessorImpl.java:62)
	at sun.reflect.DelegatingMethodAccessorImpl.invoke(DelegatingMethodAccessorImpl.java:43)
	at java.lang.reflect.Method.invoke(Method.java:498)
	at org.testng.internal.MethodInvocationHelper.invokeMethod(MethodInvocationHelper.java:85)
	at org.testng.internal.Invoker.invokeMethod(Invoker.java:639)
	at org.testng.internal.Invoker.invokeTestMethod(Invoker.java:816)
	at org.testng.internal.Invoker.invokeTestMethods(Invoker.java:1124)
	at org.testng.internal.TestMethodWorker.invokeTestMethods(TestMethodWorker.java:125)
	at org.testng.internal.TestMethodWorker.run(TestMethodWorker.java:108)
	at org.testng.TestRunner.privateRun(TestRunner.java:774)
	at org.testng.TestRunner.run(TestRunner.java:624)
	at org.testng.SuiteRunner.runTest(SuiteRunner.java:359)
	at org.testng.SuiteRunner.runSequentially(SuiteRunner.java:354)
	at org.testng.SuiteRunner.privateRun(SuiteRunner.java:312)
	at org.testng.SuiteRunner.run(SuiteRunner.java:261)
	at org.testng.SuiteRunnerWorker.runSuite(SuiteRunnerWorker.java:52)
	at org.testng.SuiteRunnerWorker.run(SuiteRunnerWorker.java:86)
	at org.testng.TestNG.runSuitesSequentially(TestNG.java:1215)
	at org.testng.TestNG.runSuitesLocally(TestNG.java:1140)
	at org.testng.TestNG.run(TestNG.java:1048)
	at org.testng.remote.AbstractRemoteTestNG.run(AbstractRemoteTestNG.java:115)
	at org.testng.remote.RemoteTestNG.initAndRun(RemoteTestNG.java:251)
	at org.testng.remote.RemoteTestNG.main(RemoteTestNG.java:77)

</div> <!-- stack-trace -->
                </div> <!-- method-content -->
              </div> <!-- method -->
            </div> <!-- main-panel-content rounded-window-bottom -->
          </div> <!-- suite-TestSuite-class-failed -->
          <div class="suite-TestSuite-class-passed">
            <div class="main-panel-header rounded-window-top">
              <img src="passed.png"/>
              <span class="class-name">com.test.selenium.AddVerifyBook</span>
            </div> <!-- main-panel-header rounded-window-top -->
            <div class="main-panel-content rounded-window-bottom">
              <div class="method">
                <div class="method-content">
                  <a name="TestAddAndRemoveBookInCollection">
                  </a> <!-- TestAddAndRemoveBookInCollection -->
                  <span class="method-name">TestAddAndRemoveBookInCollection</span>
                </div> <!-- method-content -->
              </div> <!-- method -->
            </div> <!-- main-panel-content rounded-window-bottom -->
          </div> <!-- suite-TestSuite-class-passed -->
          <div class="suite-TestSuite-class-passed">
            <div class="main-panel-header rounded-window-top">
              <img src="passed.png"/>
              <span class="class-name">com.test.selenium.Login</span>
            </div> <!-- main-panel-header rounded-window-top -->
            <div class="main-panel-content rounded-window-bottom">
              <div class="method">
                <div class="method-content">
                  <a name="testVerifyFailed">
                  </a> <!-- testVerifyFailed -->
                  <span class="method-name">testVerifyFailed</span>
                </div> <!-- method-content -->
              </div> <!-- method -->
            </div> <!-- main-panel-content rounded-window-bottom -->
          </div> <!-- suite-TestSuite-class-passed -->
          <div class="suite-TestSuite-class-passed">
            <div class="main-panel-header rounded-window-top">
              <img src="passed.png"/>
              <span class="class-name">com.test.api.Account</span>
            </div> <!-- main-panel-header rounded-window-top -->
            <div class="main-panel-content rounded-window-bottom">
              <div class="method">
                <div class="method-content">
                  <a name="createUser">
                  </a> <!-- createUser -->
                  <span class="method-name">createUser</span>
                </div> <!-- method-content -->
              </div> <!-- method -->
              <div class="method">
                <div class="method-content">
                  <a name="getAth">
                  </a> <!-- getAth -->
                  <span class="method-name">getAth</span>
                </div> <!-- method-content -->
              </div> <!-- method -->
              <div class="method">
                <div class="method-content">
                  <a name="verifyUnAuthUser">
                  </a> <!-- verifyUnAuthUser -->
                  <span class="method-name">verifyUnAuthUser</span>
                </div> <!-- method-content -->
              </div> <!-- method -->
            </div> <!-- main-panel-content rounded-window-bottom -->
          </div> <!-- suite-TestSuite-class-passed -->
        </div> <!-- panel TestSuite -->
        <div panel-name="test-xml-TestSuite" class="panel">
          <div class="main-panel-header rounded-window-top">
            <span class="header-content">C:\Users\Admin\eclipse-workspace\SeleniumApidemo\src\test\resources\testng\testng.xml</span>
          </div> <!-- main-panel-header rounded-window-top -->
          <div class="main-panel-content rounded-window-bottom">
            <pre>
&lt;?xml version=&quot;1.0&quot; encoding=&quot;UTF-8&quot;?&gt;
&lt;!DOCTYPE suite SYSTEM &quot;http://testng.org/testng-1.0.dtd&quot;&gt;
&lt;suite guice-stage=&quot;DEVELOPMENT&quot; verbose=&quot;10&quot; name=&quot;TestSuite&quot;&gt;
  &lt;listeners&gt;
    &lt;listener class-name=&quot;com.framework.report.TestListener&quot;/&gt;
  &lt;/listeners&gt;
  &lt;test verbose=&quot;2&quot; name=&quot;UITests&quot;&gt;
    &lt;classes&gt;
      &lt;class name=&quot;com.test.selenium.AddVerifyBook&quot;/&gt;
      &lt;class name=&quot;com.test.selenium.Login&quot;/&gt;
    &lt;/classes&gt;
  &lt;/test&gt; &lt;!-- UITests --&gt;
  &lt;test verbose=&quot;2&quot; name=&quot;APITests&quot;&gt;
    &lt;classes&gt;
      &lt;class name=&quot;com.test.api.Account&quot;/&gt;
      &lt;class name=&quot;com.test.api.DataDrivenAPI&quot;/&gt;
    &lt;/classes&gt;
  &lt;/test&gt; &lt;!-- APITests --&gt;
&lt;/suite&gt; &lt;!-- TestSuite --&gt;
            </pre>
          </div> <!-- main-panel-content rounded-window-bottom -->
        </div> <!-- panel -->
        <div panel-name="testlist-TestSuite" class="panel">
          <div class="main-panel-header rounded-window-top">
            <span class="header-content">Tests for TestSuite</span>
          </div> <!-- main-panel-header rounded-window-top -->
          <div class="main-panel-content rounded-window-bottom">
            <ul>
              <li>
                <span class="test-name">UITests (2 classes)</span>
              </li>
              <li>
                <span class="test-name">APITests (2 classes)</span>
              </li>
            </ul>
          </div> <!-- main-panel-content rounded-window-bottom -->
        </div> <!-- panel -->
        <div panel-name="group-TestSuite" class="panel">
          <div class="main-panel-header rounded-window-top">
            <span class="header-content">Groups for TestSuite</span>
          </div> <!-- main-panel-header rounded-window-top -->
          <div class="main-panel-content rounded-window-bottom">
          </div> <!-- main-panel-content rounded-window-bottom -->
        </div> <!-- panel -->
        <div panel-name="times-TestSuite" class="panel">
          <div class="main-panel-header rounded-window-top">
            <span class="header-content">Times for TestSuite</span>
          </div> <!-- main-panel-header rounded-window-top -->
          <div class="main-panel-content rounded-window-bottom">
            <div class="times-div">
              <script type="text/javascript">
suiteTableInitFunctions.push('tableData_TestSuite');
function tableData_TestSuite() {
var data = new google.visualization.DataTable();
data.addColumn('number', 'Number');
data.addColumn('string', 'Method');
data.addColumn('string', 'Class');
data.addColumn('number', 'Time (ms)');
data.addRows(11);
data.setCell(0, 0, 0)
data.setCell(0, 1, 'TestAddAndRemoveBookInCollection')
data.setCell(0, 2, 'com.test.selenium.AddVerifyBook')
data.setCell(0, 3, 38878);
data.setCell(1, 0, 1)
data.setCell(1, 1, 'createUser')
data.setCell(1, 2, 'com.test.api.Account')
data.setCell(1, 3, 5305);
data.setCell(2, 0, 2)
data.setCell(2, 1, 'testVerifyFailed')
data.setCell(2, 2, 'com.test.selenium.Login')
data.setCell(2, 3, 1924);
data.setCell(3, 0, 3)
data.setCell(3, 1, 'getUserById')
data.setCell(3, 2, 'com.test.api.Account')
data.setCell(3, 3, 1706);
data.setCell(4, 0, 4)
data.setCell(4, 1, 'getAth')
data.setCell(4, 2, 'com.test.api.Account')
data.setCell(4, 3, 1012);
data.setCell(5, 0, 5)
data.setCell(5, 1, 'verifyUnAuthUser')
data.setCell(5, 2, 'com.test.api.Account')
data.setCell(5, 3, 907);
data.setCell(6, 0, 6)
data.setCell(6, 1, 'deletetUser')
data.setCell(6, 2, 'com.test.api.Account')
data.setCell(6, 3, 897);
data.setCell(7, 0, 7)
data.setCell(7, 1, 'createUser')
data.setCell(7, 2, 'com.test.api.DataDrivenAPI')
data.setCell(7, 3, 892);
data.setCell(8, 0, 8)
data.setCell(8, 1, 'createUser')
data.setCell(8, 2, 'com.test.api.DataDrivenAPI')
data.setCell(8, 3, 888);
data.setCell(9, 0, 9)
data.setCell(9, 1, 'createUser')
data.setCell(9, 2, 'com.test.api.DataDrivenAPI')
data.setCell(9, 3, 883);
data.setCell(10, 0, 10)
data.setCell(10, 1, 'createUser')
data.setCell(10, 2, 'com.test.api.DataDrivenAPI')
data.setCell(10, 3, 867);
window.suiteTableData['TestSuite']= { tableData: data, tableDiv: 'times-div-TestSuite'}
return data;
}
              </script>
              <span class="suite-total-time">Total running time: 54 seconds</span>
              <div id="times-div-TestSuite">
              </div> <!-- times-div-TestSuite -->
            </div> <!-- times-div -->
          </div> <!-- main-panel-content rounded-window-bottom -->
        </div> <!-- panel -->
        <div panel-name="reporter-TestSuite" class="panel">
          <div class="main-panel-header rounded-window-top">
            <span class="header-content">Reporter output for TestSuite</span>
          </div> <!-- main-panel-header rounded-window-top -->
          <div class="main-panel-content rounded-window-bottom">
            <div class="reporter-method-div">
              <span class="reporter-method-name">testVerifyFailed</span>
              <div class="reporter-method-output-div">
                <span class="reporter-method-output">
login into application with user name prachi.verma</span>
                <span class="reporter-method-output">
Verify user prachi.verma not login successfully</span>
              </div> <!-- reporter-method-output-div -->
            </div> <!-- reporter-method-div -->
            <div class="reporter-method-div">
              <span class="reporter-method-name">TestAddAndRemoveBookInCollection</span>
              <div class="reporter-method-output-div">
                <span class="reporter-method-output">
login into application with user name prachi.verma</span>
                <span class="reporter-method-output">
Verify user prachi.verma login successfully</span>
                <span class="reporter-method-output">
Select book store menu</span>
                <span class="reporter-method-output">
Search book Git Pocket Guide</span>
                <span class="reporter-method-output">
Select book Git Pocket Guide</span>
                <span class="reporter-method-output">
Add Git Pocket Guide to your collection</span>
                <span class="reporter-method-output">
Click on profile menu</span>
                <span class="reporter-method-output">
Verify book added</span>
                <span class="reporter-method-output">
remove book from profile</span>
                <span class="reporter-method-output">
verify book removed from profile</span>
              </div> <!-- reporter-method-output-div -->
            </div> <!-- reporter-method-div -->
            <div class="reporter-method-div">
              <span class="reporter-method-name">verifyUnAuthUser</span>
              <div class="reporter-method-output-div">
                <span class="reporter-method-output">Started execution of test create user without body</span>
                <span class="reporter-method-output">/Account/v1/User</span>
                <span class="reporter-method-output">{"code":"1200","message":"UserName and Password required."}</span>
                <span class="reporter-method-output">Verify user name is response body</span>
              </div> <!-- reporter-method-output-div -->
            </div> <!-- reporter-method-div -->
            <div class="reporter-method-div">
              <span class="reporter-method-name">createUser</span>
              <div class="reporter-method-output-div">
                <span class="reporter-method-output">Started execution of test create user</span>
                <span class="reporter-method-output">/Account/v1/User</span>
                <span class="reporter-method-output">{"userID":"401d212f-5ad2-42ba-bca9-fd197a4f406d","username":"test1620498484130","books":[]}</span>
                <span class="reporter-method-output">Verified response code 201</span>
                <span class="reporter-method-output">Verified content type application/json</span>
                <span class="reporter-method-output">Verify user name is response body</span>
              </div> <!-- reporter-method-output-div -->
            </div> <!-- reporter-method-div -->
            <div class="reporter-method-div">
              <span class="reporter-method-name">getAth</span>
              <div class="reporter-method-output-div">
                <span class="reporter-method-output">Started execution of test get auth</span>
                <span class="reporter-method-output">/Account/v1/Authorized</span>
                <span class="reporter-method-output">true</span>
                <span class="reporter-method-output">Verified response code 200</span>
                <span class="reporter-method-output">Verified content type application/json</span>
                <span class="reporter-method-output">Verify response is true</span>
              </div> <!-- reporter-method-output-div -->
            </div> <!-- reporter-method-div -->
            <div class="reporter-method-div">
              <span class="reporter-method-name">deletetUser</span>
              <div class="reporter-method-output-div">
                <span class="reporter-method-output">Started execution of test delete user for id 401d212f-5ad2-42ba-bca9-fd197a4f406d</span>
                <span class="reporter-method-output">/Account/v1/User</span>
                <span class="reporter-method-output">{"code":"1200","message":"User not authorized!"}</span>
                <span class="reporter-method-output">Verified response code 200</span>
              </div> <!-- reporter-method-output-div -->
            </div> <!-- reporter-method-div -->
            <div class="reporter-method-div">
              <span class="reporter-method-name">createUser(User1111, P@ssw0rd)</span>
              <div class="reporter-method-output-div">
                <span class="reporter-method-output">Started execution of test create user</span>
                <span class="reporter-method-output">/Account/v1/User</span>
                <span class="reporter-method-output">{"code":"1204","message":"User exists!"}</span>
                <span class="reporter-method-output">Verified response code 201</span>
              </div> <!-- reporter-method-output-div -->
            </div> <!-- reporter-method-div -->
            <div class="reporter-method-div">
              <span class="reporter-method-name">createUser(User2222, P@ssw0rd)</span>
              <div class="reporter-method-output-div">
                <span class="reporter-method-output">Started execution of test create user</span>
                <span class="reporter-method-output">/Account/v1/User</span>
                <span class="reporter-method-output">{"code":"1204","message":"User exists!"}</span>
                <span class="reporter-method-output">Verified response code 201</span>
              </div> <!-- reporter-method-output-div -->
            </div> <!-- reporter-method-div -->
            <div class="reporter-method-div">
              <span class="reporter-method-name">getUserById</span>
              <div class="reporter-method-output-div">
                <span class="reporter-method-output">Started execution of test get user details for id 401d212f-5ad2-42ba-bca9-fd197a4f406d</span>
                <span class="reporter-method-output">/Account/v1/User</span>
                <span class="reporter-method-output">{"code":"1200","message":"User not authorized!"}</span>
                <span class="reporter-method-output">Verified response code 200</span>
              </div> <!-- reporter-method-output-div -->
            </div> <!-- reporter-method-div -->
            <div class="reporter-method-div">
              <span class="reporter-method-name">createUser(User4444, P@ssw0rd)</span>
              <div class="reporter-method-output-div">
                <span class="reporter-method-output">Started execution of test create user</span>
                <span class="reporter-method-output">/Account/v1/User</span>
                <span class="reporter-method-output">{"code":"1204","message":"User exists!"}</span>
                <span class="reporter-method-output">Verified response code 201</span>
              </div> <!-- reporter-method-output-div -->
            </div> <!-- reporter-method-div -->
            <div class="reporter-method-div">
              <span class="reporter-method-name">createUser(User3333, P@ssw0rd)</span>
              <div class="reporter-method-output-div">
                <span class="reporter-method-output">Started execution of test create user</span>
                <span class="reporter-method-output">/Account/v1/User</span>
                <span class="reporter-method-output">{"code":"1204","message":"User exists!"}</span>
                <span class="reporter-method-output">Verified response code 201</span>
              </div> <!-- reporter-method-output-div -->
            </div> <!-- reporter-method-div -->
          </div> <!-- main-panel-content rounded-window-bottom -->
        </div> <!-- panel -->
        <div panel-name="ignored-methods-TestSuite" class="panel">
          <div class="main-panel-header rounded-window-top">
            <span class="header-content">2 ignored methods</span>
          </div> <!-- main-panel-header rounded-window-top -->
          <div class="main-panel-content rounded-window-bottom">
            <div class="ignored-class-div">
              <span class="ignored-class-name">com.test.api.DataDrivenAPI</span>
              <div class="ignored-methods-div">
                <span class="ignored-method-name">before</span>
                <br/>
                <span class="ignored-method-name">tearDownSuite</span>
                <br/>
              </div> <!-- ignored-methods-div -->
            </div> <!-- ignored-class-div -->
          </div> <!-- main-panel-content rounded-window-bottom -->
        </div> <!-- panel -->
        <div panel-name="chronological-TestSuite" class="panel">
          <div class="main-panel-header rounded-window-top">
            <span class="header-content">Methods in chronological order</span>
          </div> <!-- main-panel-header rounded-window-top -->
          <div class="main-panel-content rounded-window-bottom">
            <div class="chronological-class">
              <div class="chronological-class-name">com.test.api.Account</div> <!-- chronological-class-name -->
              <div class="configuration-suite before">
                <span class="method-name">before</span>
                <span class="method-start">0 ms</span>
              </div> <!-- configuration-suite before -->
            </div> <!-- chronological-class -->
            <div class="chronological-class">
              <div class="chronological-class-name">com.test.selenium.AddVerifyBook</div> <!-- chronological-class-name -->
              <div class="configuration-class before">
                <span class="method-name">setUp</span>
                <span class="method-start">472 ms</span>
              </div> <!-- configuration-class before -->
              <div class="configuration-method before">
                <span class="method-name">setTest(public void com.test.selenium.AddVerifyBook.TestAddAndRemoveBookInCollection())</span>
                <span class="method-start">13576 ms</span>
              </div> <!-- configuration-method before -->
              <div class="test-method">
                <span class="method-name">TestAddAndRemoveBookInCollection</span>
                <span class="method-start">17534 ms</span>
              </div> <!-- test-method -->
              <div class="configuration-class after">
                <span class="method-name">afterClass</span>
                <span class="method-start">56460 ms</span>
              </div> <!-- configuration-class after -->
            </div> <!-- chronological-class -->
            <div class="chronological-class">
              <div class="chronological-class-name">com.test.selenium.Login</div> <!-- chronological-class-name -->
              <div class="configuration-class before">
                <span class="method-name">setUp</span>
                <span class="method-start">57457 ms</span>
              </div> <!-- configuration-class before -->
              <div class="configuration-method before">
                <span class="method-name">setTest(public void com.test.selenium.Login.testVerifyFailed())</span>
                <span class="method-start">61010 ms</span>
              </div> <!-- configuration-method before -->
              <div class="test-method">
                <span class="method-name">testVerifyFailed</span>
                <span class="method-start">64256 ms</span>
              </div> <!-- test-method -->
              <div class="configuration-class after">
                <span class="method-name">afterClass</span>
                <span class="method-start">66186 ms</span>
              </div> <!-- configuration-class after -->
            </div> <!-- chronological-class -->
            <div class="chronological-class">
              <div class="chronological-class-name">com.test.api.Account</div> <!-- chronological-class-name -->
              <div class="configuration-class before">
                <span class="method-name">setup</span>
                <span class="method-start">68206 ms</span>
              </div> <!-- configuration-class before -->
              <div class="test-method">
                <span class="method-name">createUser</span>
                <span class="method-start">69218 ms</span>
              </div> <!-- test-method -->
              <div class="configuration-method before">
                <span class="method-name">setupMethod(public void com.test.api.Account.createUser())</span>
                <span class="method-start">69218 ms</span>
              </div> <!-- configuration-method before -->
              <div class="configuration-method after">
                <span class="method-name">testAfterMethod([TestResult name=createUser status=SUCCESS method=Account.createUser()[pri:0, instance:com.test.api....)</span>
                <span class="method-start">74532 ms</span>
              </div> <!-- configuration-method after -->
              <div class="test-method">
                <span class="method-name">getAth</span>
                <span class="method-start">74536 ms</span>
              </div> <!-- test-method -->
              <div class="configuration-method before">
                <span class="method-name">setupMethod(public void com.test.api.Account.getAth())</span>
                <span class="method-start">74536 ms</span>
              </div> <!-- configuration-method before -->
              <div class="configuration-method after">
                <span class="method-name">testAfterMethod([TestResult name=getAth status=SUCCESS method=Account.getAth()[pri:0, instance:com.test.api.Account@...)</span>
                <span class="method-start">75552 ms</span>
              </div> <!-- configuration-method after -->
              <div class="configuration-method before">
                <span class="method-name">setupMethod(public void com.test.api.Account.verifyUnAuthUser())</span>
                <span class="method-start">75553 ms</span>
              </div> <!-- configuration-method before -->
              <div class="test-method">
                <span class="method-name">verifyUnAuthUser</span>
                <span class="method-start">75556 ms</span>
              </div> <!-- test-method -->
              <div class="configuration-method after">
                <span class="method-name">testAfterMethod([TestResult name=verifyUnAuthUser status=SUCCESS method=Account.verifyUnAuthUser()[pri:0, instance:c...)</span>
                <span class="method-start">76467 ms</span>
              </div> <!-- configuration-method after -->
              <div class="configuration-method before">
                <span class="method-name">setupMethod(public void com.test.api.Account.getUserById())</span>
                <span class="method-start">76468 ms</span>
              </div> <!-- configuration-method before -->
              <div class="test-method">
                <img src="failed.png">
                </img>
                <span class="method-name">getUserById</span>
                <span class="method-start">76469 ms</span>
              </div> <!-- test-method -->
              <div class="configuration-method after">
                <span class="method-name">testAfterMethod([TestResult name=getUserById status=FAILURE method=Account.getUserById()[pri:0, instance:com.test.ap...)</span>
                <span class="method-start">78184 ms</span>
              </div> <!-- configuration-method after -->
              <div class="test-method">
                <img src="failed.png">
                </img>
                <span class="method-name">deletetUser</span>
                <span class="method-start">78187 ms</span>
              </div> <!-- test-method -->
              <div class="configuration-method before">
                <span class="method-name">setupMethod(public void com.test.api.Account.deletetUser())</span>
                <span class="method-start">78187 ms</span>
              </div> <!-- configuration-method before -->
              <div class="configuration-method after">
                <span class="method-name">testAfterMethod([TestResult name=deletetUser status=FAILURE method=Account.deletetUser()[pri:0, instance:com.test.ap...)</span>
                <span class="method-start">79092 ms</span>
              </div> <!-- configuration-method after -->
            </div> <!-- chronological-class -->
            <div class="chronological-class">
              <div class="chronological-class-name">com.test.api.DataDrivenAPI</div> <!-- chronological-class-name -->
              <div class="configuration-class before">
                <span class="method-name">setup</span>
                <span class="method-start">79094 ms</span>
              </div> <!-- configuration-class before -->
              <div class="configuration-method before">
                <span class="method-name">setupMethod(public void com.test.api.DataDrivenAPI.createUser(java.lang.String,java.lang.String))</span>
                <span class="method-start">80300 ms</span>
              </div> <!-- configuration-method before -->
              <div class="test-method">
                <img src="failed.png">
                </img>
                <span class="method-name">createUser(User1111, P@ssw0rd)</span>
                <span class="method-start">80301 ms</span>
              </div> <!-- test-method -->
              <div class="configuration-method after">
                <span class="method-name">testAfterMethod([TestResult name=createUser status=FAILURE method=DataDrivenAPI.createUser(java.lang.String, java.la...)</span>
                <span class="method-start">81207 ms</span>
              </div> <!-- configuration-method after -->
              <div class="configuration-method before">
                <span class="method-name">setupMethod(public void com.test.api.DataDrivenAPI.createUser(java.lang.String,java.lang.String))</span>
                <span class="method-start">81213 ms</span>
              </div> <!-- configuration-method before -->
              <div class="test-method">
                <img src="failed.png">
                </img>
                <span class="method-name">createUser(User2222, P@ssw0rd)</span>
                <span class="method-start">81214 ms</span>
              </div> <!-- test-method -->
              <div class="configuration-method after">
                <span class="method-name">testAfterMethod([TestResult name=createUser status=FAILURE method=DataDrivenAPI.createUser(java.lang.String, java.la...)</span>
                <span class="method-start">82109 ms</span>
              </div> <!-- configuration-method after -->
              <div class="configuration-method before">
                <span class="method-name">setupMethod(public void com.test.api.DataDrivenAPI.createUser(java.lang.String,java.lang.String))</span>
                <span class="method-start">82111 ms</span>
              </div> <!-- configuration-method before -->
              <div class="test-method">
                <img src="failed.png">
                </img>
                <span class="method-name">createUser(User3333, P@ssw0rd)</span>
                <span class="method-start">82112 ms</span>
              </div> <!-- test-method -->
              <div class="configuration-method after">
                <span class="method-name">testAfterMethod([TestResult name=createUser status=FAILURE method=DataDrivenAPI.createUser(java.lang.String, java.la...)</span>
                <span class="method-start">82985 ms</span>
              </div> <!-- configuration-method after -->
              <div class="configuration-method before">
                <span class="method-name">setupMethod(public void com.test.api.DataDrivenAPI.createUser(java.lang.String,java.lang.String))</span>
                <span class="method-start">82986 ms</span>
              </div> <!-- configuration-method before -->
              <div class="test-method">
                <img src="failed.png">
                </img>
                <span class="method-name">createUser(User4444, P@ssw0rd)</span>
                <span class="method-start">82989 ms</span>
              </div> <!-- test-method -->
              <div class="configuration-method after">
                <span class="method-name">testAfterMethod([TestResult name=createUser status=FAILURE method=DataDrivenAPI.createUser(java.lang.String, java.la...)</span>
                <span class="method-start">83877 ms</span>
              </div> <!-- configuration-method after -->
            </div> <!-- chronological-class -->
            <div class="chronological-class">
              <div class="chronological-class-name">com.test.api.Account</div> <!-- chronological-class-name -->
              <div class="configuration-suite after">
                <span class="method-name">tearDownSuite</span>
                <span class="method-start">84169 ms</span>
              </div> <!-- configuration-suite after -->
          </div> <!-- main-panel-content rounded-window-bottom -->
        </div> <!-- panel -->
      </div> <!-- main-panel-root -->
    </div> <!-- wrapper -->
  </body>
</html>
